Using pre-set license
Built from '2020.3/staging' branch; Version is '2020.3.4f1 (0abb6314276a) revision 703331'; Using compiler version '192528614'; Build Type 'Release'
OS: 'Windows 10 Pro N; OS build 19043.1586; Version 2009; 64bit' Language: 'en' Physical Memory: 16283 MB
BatchMode: 1, IsHumanControllingUs: 0, StartBugReporterOnCrash: 0, Is64bit: 1, IsPro: 0

 COMMAND LINE ARGUMENTS:
C:\Program Files\Unity\Hub\Editor\2020.3.4f1\Editor\Unity.exe
-adb2
-batchMode
-noUpm
-name
AssetImportWorker0
-projectPath
C:/Users/Jozef/Desktop/Unity Games/Summ It
-logFile
Logs/AssetImportWorker0.log
-srvPort
1726
Successfully changed project path to: C:/Users/Jozef/Desktop/Unity Games/Summ It
C:/Users/Jozef/Desktop/Unity Games/Summ It
Using Asset Import Pipeline V2.
Refreshing native plugins compatible for Editor in 34.31 ms, found 1 plugins.
Preloading 0 native plugins for Editor in 0.00 ms.
Initialize engine version: 2020.3.4f1 (0abb6314276a)
[Subsystems] Discovering subsystems at path C:/Program Files/Unity/Hub/Editor/2020.3.4f1/Editor/Data/Resources/UnitySubsystems
[Subsystems] Discovering subsystems at path C:/Users/Jozef/Desktop/Unity Games/Summ It/Assets
GfxDevice: creating device client; threaded=0
Direct3D:
    Version:  Direct3D 11.0 [level 11.1]
    Renderer: AMD Radeon RX 5600 XT (ID=0x731f)
    Vendor:   
    VRAM:     6103 MB
    Driver:   30.0.15002.1004
Initialize mono
Mono path[0] = 'C:/Program Files/Unity/Hub/Editor/2020.3.4f1/Editor/Data/Managed'
Mono path[1] = 'C:/Program Files/Unity/Hub/Editor/2020.3.4f1/Editor/Data/MonoBleedingEdge/lib/mono/unityjit'
Mono config path = 'C:/Program Files/Unity/Hub/Editor/2020.3.4f1/Editor/Data/MonoBleedingEdge/etc'
Using monoOptions --debugger-agent=transport=dt_socket,embedding=1,server=y,suspend=n,address=127.0.0.1:56616
Begin MonoManager ReloadAssembly
Registering precompiled unity dll's ...
Register platform support module: C:/Program Files/Unity/Hub/Editor/2020.3.4f1/Editor/Data/PlaybackEngines/WindowsStandaloneSupport/UnityEditor.WindowsStandalone.Extensions.dll
Registered in 0.001680 seconds.
Native extension for WindowsStandalone target not found
Refreshing native plugins compatible for Editor in 41.53 ms, found 1 plugins.
Preloading 0 native plugins for Editor in 0.00 ms.
Mono: successfully reloaded assembly
- Completed reload, in  1.578 seconds
Platform modules already initialized, skipping
Registering precompiled user dll's ...
Registered in 0.001309 seconds.
Begin MonoManager ReloadAssembly
Native extension for WindowsStandalone target not found
Refreshing native plugins compatible for Editor in 39.80 ms, found 1 plugins.
Preloading 0 native plugins for Editor in 0.00 ms.
Mono: successfully reloaded assembly
- Completed reload, in  0.823 seconds
Platform modules already initialized, skipping
========================================================================
Worker process is ready to serve import requests
Launched and connected shader compiler UnityShaderCompiler.exe after 0.04 seconds
Refreshing native plugins compatible for Editor in 0.49 ms, found 1 plugins.
Preloading 0 native plugins for Editor in 0.00 ms.
Unloading 1827 Unused Serialized files (Serialized files now loaded: 0)
System memory in use before: 87.3 MB.
System memory in use after: 87.2 MB.

Unloading 24 unused Assets to reduce memory usage. Loaded Objects now: 2270.
Total: 2.310100 ms (FindLiveObjects: 0.364200 ms CreateObjectMapping: 0.058300 ms MarkObjects: 1.746500 ms  DeleteObjects: 0.139500 ms)

AssetImportParameters requested are different than current active one (requested -> active):
  requireTextureImportCompression: false -> true
========================================================================
Received Import Request.
  path: Assets/Resources/Scripts/MenuManager.cs
  artifactKey: Guid(d672231c24d8c60449bd9fa2a7991e08) Importer(815301076,1909f56bfc062723c751e8b465ee728b)
Start importing Assets/Resources/Scripts/MenuManager.cs using Guid(d672231c24d8c60449bd9fa2a7991e08) Importer(815301076,1909f56bfc062723c751e8b465ee728b)  -> (artifact id: '6c29a818ade65c909e6735d19e0fb376') in 0.031234 seconds
  Import took 0.035425 seconds .

========================================================================
Received Import Request.
  Time since last request: 49.082011 seconds.
  path: Assets/Resources/Scripts/MenuManager.cs
  artifactKey: Guid(d672231c24d8c60449bd9fa2a7991e08) Importer(815301076,1909f56bfc062723c751e8b465ee728b)
Start importing Assets/Resources/Scripts/MenuManager.cs using Guid(d672231c24d8c60449bd9fa2a7991e08) Importer(815301076,1909f56bfc062723c751e8b465ee728b)  -> (artifact id: '95702ab66c0686ece493a1371e4d2853') in 0.003270 seconds
  Import took 0.007160 seconds .

========================================================================
Received Prepare
Registering precompiled user dll's ...
Registered in 0.000901 seconds.
Begin MonoManager ReloadAssembly
Native extension for WindowsStandalone target not found
Refreshing native plugins compatible for Editor in 0.52 ms, found 1 plugins.
Preloading 0 native plugins for Editor in 0.00 ms.
Mono: successfully reloaded assembly
- Completed reload, in  0.734 seconds
Platform modules already initialized, skipping
Switching build target platform(5) subTarget(0) extendedPlatform(0) -> platform(13) subTarget(537395200) extendedPlatform(0)
Refreshing native plugins compatible for Editor in 0.34 ms, found 1 plugins.
Preloading 0 native plugins for Editor in 0.00 ms.
Unloading 1812 Unused Serialized files (Serialized files now loaded: 0)
System memory in use before: 85.8 MB.
System memory in use after: 85.8 MB.

Unloading 12 unused Assets to reduce memory usage. Loaded Objects now: 2274.
Total: 1.788900 ms (FindLiveObjects: 0.187800 ms CreateObjectMapping: 0.046000 ms MarkObjects: 1.467100 ms  DeleteObjects: 0.086700 ms)

AssetImportParameters requested are different than current active one (requested -> active):
  requireTextureImportCompression: false -> true
  custom:graphics/normal-map-encoding: 01000000000000000000000000000000 -> 02000000000000000000000000000000
========================================================================
Received Import Request.
  Time since last request: 10.388656 seconds.
  path: Assets/Scenes/HowToPlay.unity
  artifactKey: Guid(8646be6eff89d0d48a1413d1dfc55aeb) Importer(815301076,1909f56bfc062723c751e8b465ee728b)
Start importing Assets/Scenes/HowToPlay.unity using Guid(8646be6eff89d0d48a1413d1dfc55aeb) Importer(815301076,1909f56bfc062723c751e8b465ee728b)  -> (artifact id: '5be2941de4a955752fa0fa9f17e1ce09') in 0.013484 seconds
  Import took 0.016986 seconds .

========================================================================
Received Import Request.
  Time since last request: 19.011329 seconds.
  path: Assets/Scenes/MainMenu.unity
  artifactKey: Guid(3ee59dce47cc2534b8752a0b8a2b3375) Importer(815301076,1909f56bfc062723c751e8b465ee728b)
Start importing Assets/Scenes/MainMenu.unity using Guid(3ee59dce47cc2534b8752a0b8a2b3375) Importer(815301076,1909f56bfc062723c751e8b465ee728b)  -> (artifact id: '986c3da2b91fd26bafe8496ff7fcc6cd') in 0.006506 seconds
  Import took 0.009782 seconds .

========================================================================
Received Import Request.
  Time since last request: 313.611571 seconds.
  path: Assets/Scenes/HowToPlay.unity
  artifactKey: Guid(8646be6eff89d0d48a1413d1dfc55aeb) Importer(815301076,1909f56bfc062723c751e8b465ee728b)
Start importing Assets/Scenes/HowToPlay.unity using Guid(8646be6eff89d0d48a1413d1dfc55aeb) Importer(815301076,1909f56bfc062723c751e8b465ee728b)  -> (artifact id: '766e0aaea4f514411db643bad2ab8f12') in 0.003288 seconds
  Import took 0.007607 seconds .

========================================================================
Received Import Request.
  Time since last request: 324.147153 seconds.
  path: Assets/Scenes/Game.unity
  artifactKey: Guid(2cda990e2423bbf4892e6590ba056729) Importer(815301076,1909f56bfc062723c751e8b465ee728b)
Start importing Assets/Scenes/Game.unity using Guid(2cda990e2423bbf4892e6590ba056729) Importer(815301076,1909f56bfc062723c751e8b465ee728b)  -> (artifact id: '7fd97835429b3caeaf540706038b7b89') in 0.006494 seconds
  Import took 0.010623 seconds .

========================================================================
Received Import Request.
  Time since last request: 3.401195 seconds.
  path: Assets/Scenes/HowToPlay.unity
  artifactKey: Guid(8646be6eff89d0d48a1413d1dfc55aeb) Importer(815301076,1909f56bfc062723c751e8b465ee728b)
Start importing Assets/Scenes/HowToPlay.unity using Guid(8646be6eff89d0d48a1413d1dfc55aeb) Importer(815301076,1909f56bfc062723c751e8b465ee728b)  -> (artifact id: '31034297e30f65d769fb6c4ee2c76bd6') in 0.003053 seconds
  Import took 0.007514 seconds .

========================================================================
Received Import Request.
  Time since last request: 2020.632372 seconds.
  path: Assets/Scenes/HowToPlay.unity
  artifactKey: Guid(8646be6eff89d0d48a1413d1dfc55aeb) Importer(815301076,1909f56bfc062723c751e8b465ee728b)
Start importing Assets/Scenes/HowToPlay.unity using Guid(8646be6eff89d0d48a1413d1dfc55aeb) Importer(815301076,1909f56bfc062723c751e8b465ee728b)  -> (artifact id: '9d332963b7882765e6cfaf3eb70d9846') in 0.002939 seconds
  Import took 0.007140 seconds .

========================================================================
Received Import Request.
  Time since last request: 0.000505 seconds.
  path: Assets/Scenes/HowToPlay.unity
  artifactKey: Guid(8646be6eff89d0d48a1413d1dfc55aeb) Importer(815301076,1909f56bfc062723c751e8b465ee728b)
Start importing Assets/Scenes/HowToPlay.unity using Guid(8646be6eff89d0d48a1413d1dfc55aeb) Importer(815301076,1909f56bfc062723c751e8b465ee728b)  -> (artifact id: '9d332963b7882765e6cfaf3eb70d9846') in 0.002955 seconds
  Import took 0.005073 seconds .

AssetImportWorkerClient::OnTransportError - code=2 error=End of file
